<?xml version="1.0" encoding="UTF-8"?>
<!-- Generated by org.testng.reporters.JUnitXMLReporter -->
<testsuite hostname="Rasheed-PC" name="Test" tests="3" failures="0" timestamp="19 Mar 2019 11:22:16 GMT" time="0.038" errors="0">
  <testcase name="method1" time="0.013" classname="testNGSample.PrioritySample"/>
  <testcase name="method2" time="0.003" classname="testNGSample.PrioritySample"/>
  <testcase name="method5" time="0.002" classname="testNGSample.PrioritySample"/>
</testsuite> <!-- Test -->
